
2015年8月3日 12:20:10
回到顶部按钮太右了,修复样式.
增加一个新建接口的按钮,放在右边顶部.
不用每次都拉到左底部才能添加.

2015年8月3日 18:21:06
把接口描述放在接口默认值前面,
因为参数大都没有默认值,但是接口描述是一定要写的.

2015年8月3日 20:21:47
去掉接口编号这个东西,因为这个数字只对产品有用,开发是不需要的,手动管理接口编号特别不准确.

2015年8月4日 10:22:13
新建接口页面增加两个默认值,methodName,version这是基本的参数.因为接口都需要版本管理.

2015年8月4日 14:23:16
计划增加:
公共值设置,比如接口地址,接口版本,这些是公共配置.
数据表命名无前缀不科学,需要改进.

2015年8月4日 15:42:30
需要增加一个文章功能,因为api接口错误码这些内容,
和普通的接口不一样,需要以文章的形式单独表示.

2015年8月4日 15:43:09
为了更好的利用第三方工具,
增加一个postman格式导出功能.
直接导出postman的标准配置文件,
可导入postman中进行调试.

2015年8月5日 15:19:47
之前由于header被提前输出,所以,下载没成功,做成textarea复制.
诸多不便,修改成直接导出下载postman.json文件.
导出后,直接拖到postman中可导入到postman中.

